<?xml version="1.0" encoding="UTF-8"?>
<!-- Generated by org.testng.reporters.JUnitReportReporter -->
<testsuite hostname="USMUMAANNALDAS2" name="TestNGAnnotations.DataProviderExample" tests="2" failures="0" timestamp="8 Oct 2016 08:38:43 GMT" time="0.009" errors="0">
  <testcase name="displayData" time="0.001" classname="TestNGAnnotations.DataProviderExample"/>
  <testcase name="displayData" time="0.008" classname="TestNGAnnotations.DataProviderExample"/>
</testsuite> <!-- TestNGAnnotations.DataProviderExample -->
