<?xml version="1.0" encoding="UTF-8"?>
<!-- Generated by org.testng.reporters.JUnitReportReporter -->
<testsuite hostname="USMUMAANNALDAS2" name="preserveOrder.Class1" tests="2" failures="0" timestamp="14 Oct 2016 05:22:01 GMT" time="0.015" errors="0">
  <testcase name="firstTestCase" time="0.014" classname="preserveOrder.Class1"/>
  <testcase name="secondTestCase" time="0.001" classname="preserveOrder.Class1"/>
</testsuite> <!-- preserveOrder.Class1 -->
