<?xml version="1.0" encoding="UTF-8"?>
<!-- Generated by org.testng.reporters.JUnitReportReporter -->
<testsuite hostname="USMUMAANNALDAS2" name="TestNGAnnotations.ExamplePriority" tests="8" failures="0" timestamp="1 Oct 2016 10:55:51 GMT" time="0.014" errors="0">
  <testcase name="beforeTest" time="0.001" classname="TestNGAnnotations.ExamplePriority"/>
  <testcase name="beforeSuite" time="0.001" classname="TestNGAnnotations.ExamplePriority"/>
  <testcase name="addItems" time="0.004" classname="TestNGAnnotations.ExamplePriority"/>
  <testcase name="deleteItems" time="0.003" classname="TestNGAnnotations.ExamplePriority"/>
  <testcase name="beforeMethod" time="0.001" classname="TestNGAnnotations.ExamplePriority"/>
  <testcase name="afterTest" time="0.002" classname="TestNGAnnotations.ExamplePriority"/>
  <testcase name="AfterSuite" time="0.001" classname="TestNGAnnotations.ExamplePriority"/>
  <testcase name="afterMethod" time="0.001" classname="TestNGAnnotations.ExamplePriority"/>
</testsuite> <!-- TestNGAnnotations.ExamplePriority -->
