<?xml version="1.0" encoding="UTF-8"?>
<!-- Generated by org.testng.reporters.JUnitReportReporter -->
<testsuite hostname="USMUMAANNALDAS2" name="TestNGAnnotations.MyTestClass2" tests="2" failures="0" timestamp="26 Sep 2016 08:02:27 GMT" time="0.011" errors="0">
  <testcase name="myTestMethod4" time="0.003" classname="TestNGAnnotations.MyTestClass2"/>
  <testcase name="myTestMethod3" time="0.008" classname="TestNGAnnotations.MyTestClass2"/>
</testsuite> <!-- TestNGAnnotations.MyTestClass2 -->
