<?xml version="1.0" encoding="UTF-8"?>
<!-- Generated by org.testng.reporters.JUnitReportReporter -->
<testsuite hostname="USMUMAANNALDAS2" name="test.Class2" tests="2" failures="0" timestamp="27 Sep 2016 03:09:10 GMT" time="0.007" errors="0">
  <testcase name="Method3" time="0.005" classname="test.Class2"/>
  <testcase name="Method4" time="0.002" classname="test.Class2"/>
</testsuite> <!-- test.Class2 -->
