<?xml version="1.0" encoding="UTF-8"?>
<!-- Generated by org.testng.reporters.JUnitReportReporter -->
<testsuite hostname="LAPTOP-CEPNQT7N" name="multipleDataProviders.AddProduct" tests="2" failures="0" timestamp="5 Mar 2017 13:05:04 GMT" time="0.001" errors="0">
  <testcase name="addProduct" time="0.001" classname="multipleDataProviders.AddProduct"/>
  <testcase name="addProduct" time="0.000" classname="multipleDataProviders.AddProduct"/>
</testsuite> <!-- multipleDataProviders.AddProduct -->
