<?xml version="1.0" encoding="UTF-8"?>
<!-- Generated by org.testng.reporters.JUnitReportReporter -->
<testsuite hostname="USMUMAANNALDAS2" name="retryAnalyzerPackage.retryTest" tests="1" failures="0" timestamp="13 Nov 2016 13:05:26 GMT" time="0.001" errors="0">
  <testcase name="Login" time="0.001" classname="retryAnalyzerPackage.retryTest"/>
</testsuite> <!-- retryAnalyzerPackage.retryTest -->
