<?xml version="1.0" encoding="UTF-8"?>
<!-- Generated by org.testng.reporters.JUnitReportReporter -->
<testsuite hostname="USMUMAANNALDAS2" name="test.MyTestClass2" tests="2" failures="0" timestamp="26 Sep 2016 08:10:06 GMT" time="0.002" errors="0">
  <testcase name="myTestMethod3" time="0.001" classname="test.MyTestClass2"/>
  <testcase name="myTestMethod4" time="0.001" classname="test.MyTestClass2"/>
</testsuite> <!-- test.MyTestClass2 -->
