<?xml version="1.0" encoding="UTF-8"?>
<!-- Generated by org.testng.reporters.JUnitReportReporter -->
<testsuite hostname="LAPTOP-CEPNQT7N" name="multipleDataProviders.SearchFunctionality" tests="2" failures="0" timestamp="5 Mar 2017 13:05:04 GMT" time="0.000" errors="0">
  <testcase name="searchProduct" time="0.000" classname="multipleDataProviders.SearchFunctionality"/>
  <testcase name="searchProduct" time="0.000" classname="multipleDataProviders.SearchFunctionality"/>
</testsuite> <!-- multipleDataProviders.SearchFunctionality -->
