<?xml version="1.0" encoding="UTF-8"?>
<!-- Generated by org.testng.reporters.JUnitReportReporter -->
<testsuite hostname="USMUMAANNALDAS2" name="TestNGAnnotations.Groups" tests="5" failures="0" timestamp="1 Oct 2016 09:51:39 GMT" time="0.010" errors="0">
  <testcase name="sendEmail" time="0.002" classname="TestNGAnnotations.Groups"/>
  <testcase name="deleteItems" time="0.000" classname="TestNGAnnotations.Groups"/>
  <testcase name="composeEmail" time="0.002" classname="TestNGAnnotations.Groups"/>
  <testcase name="openGmail" time="0.001" classname="TestNGAnnotations.Groups"/>
  <testcase name="addItems" time="0.005" classname="TestNGAnnotations.Groups"/>
</testsuite> <!-- TestNGAnnotations.Groups -->
