<?xml version="1.0" encoding="UTF-8"?>
<!-- Generated by org.testng.reporters.JUnitReportReporter -->
<testsuite hostname="USMUMAANNALDAS2" name="preserveOrder.Class7" tests="2" failures="0" timestamp="14 Oct 2016 05:22:01 GMT" time="0.003" errors="0">
  <testcase name="secondTestCase" time="0.001" classname="preserveOrder.Class7"/>
  <testcase name="firstTestCase" time="0.002" classname="preserveOrder.Class7"/>
</testsuite> <!-- preserveOrder.Class7 -->
