<?xml version="1.0" encoding="UTF-8"?>
<!-- Generated by org.testng.reporters.JUnitReportReporter -->
<testsuite hostname="USMUMAANNALDAS2" name="test.Class1" tests="2" failures="0" timestamp="27 Sep 2016 03:09:12 GMT" time="0.012" errors="0">
  <testcase name="Method1" time="0.011" classname="test.Class1"/>
  <testcase name="Method2" time="0.001" classname="test.Class1"/>
</testsuite> <!-- test.Class1 -->
