<?xml version="1.0" encoding="UTF-8"?>
<!-- Generated by org.testng.reporters.JUnitReportReporter -->
<testsuite hostname="USMUMAANNALDAS2" name="MultipleDataProviders.SearchProduct" tests="2" failures="0" timestamp="8 Oct 2016 08:34:53 GMT" time="0.004" errors="0">
  <testcase name="Search" time="0.001" classname="MultipleDataProviders.SearchProduct"/>
  <testcase name="Search" time="0.003" classname="MultipleDataProviders.SearchProduct"/>
</testsuite> <!-- MultipleDataProviders.SearchProduct -->
