<?xml version="1.0" encoding="UTF-8"?>
<!-- Generated by org.testng.reporters.JUnitReportReporter -->
<testsuite hostname="USMUMAANNALDAS2" name="BeforeTest_BeforeClass.Class1" tests="6" failures="0" timestamp="14 Oct 2016 05:01:41 GMT" time="0.016" errors="0">
  <testcase name="Method1" time="0.001" classname="BeforeTest_BeforeClass.Class1"/>
  <testcase name="Method1" time="0.001" classname="BeforeTest_BeforeClass.Class1"/>
  <testcase name="Method1" time="0.006" classname="BeforeTest_BeforeClass.Class1"/>
  <testcase name="Method1" time="0.001" classname="BeforeTest_BeforeClass.Class1"/>
  <testcase name="Method1" time="0.001" classname="BeforeTest_BeforeClass.Class1"/>
  <testcase name="Method1" time="0.006" classname="BeforeTest_BeforeClass.Class1"/>
</testsuite> <!-- BeforeTest_BeforeClass.Class1 -->
