<?xml version="1.0" encoding="UTF-8"?>
<!-- Generated by org.testng.reporters.JUnitReportReporter -->
<testsuite hostname="USMUMAANNALDAS2" name="BeforeTest_BeforeClass.Class2" tests="2" failures="0" timestamp="14 Oct 2016 05:01:41 GMT" time="0.001" errors="0">
  <testcase name="Method4" time="0.001" classname="BeforeTest_BeforeClass.Class2"/>
  <testcase name="Method3" time="0.000" classname="BeforeTest_BeforeClass.Class2"/>
</testsuite> <!-- BeforeTest_BeforeClass.Class2 -->
