<?xml version="1.0" encoding="UTF-8"?>
<!-- Generated by org.testng.reporters.JUnitReportReporter -->
<testsuite hostname="USMUMAANNALDAS2" name="test.MyTestClass1" tests="2" failures="0" timestamp="26 Sep 2016 08:10:06 GMT" time="0.010" errors="0">
  <testcase name="myTestMethod1" time="0.007" classname="test.MyTestClass1"/>
  <testcase name="myTestMethod2" time="0.003" classname="test.MyTestClass1"/>
</testsuite> <!-- test.MyTestClass1 -->
